[debug] [2022-06-29T06:49:30.157Z] ----------------------------------------------------------------------
[debug] [2022-06-29T06:49:30.158Z] Command:       C:\Program Files\nodejs\node.exe C:\Users\mythe\AppData\Roaming\npm\node_modules\firebase-tools\lib\bin\firebase.js init
[debug] [2022-06-29T06:49:30.159Z] CLI Version:   11.1.0
[debug] [2022-06-29T06:49:30.159Z] Platform:      win32
[debug] [2022-06-29T06:49:30.159Z] Node Version:  v16.15.1
[debug] [2022-06-29T06:49:30.161Z] Time:          Wed Jun 29 2022 15:49:30 GMT+0900 (대한민국 표준시)
[debug] [2022-06-29T06:49:30.161Z] ----------------------------------------------------------------------
[debug] 
[debug] [2022-06-29T06:49:30.172Z] > command requires scopes: ["email","openid","https://www.googleapis.com/auth/cloudplatformprojects.readonly","https://www.googleapis.com/auth/firebase","https://www.googleapis.com/auth/cloud-platform"]
[debug] [2022-06-29T06:49:30.172Z] > authorizing via signed-in user (dongmin3147@gmail.com)
[info] 
     ######## #### ########  ######## ########     ###     ######  ########
     ##        ##  ##     ## ##       ##     ##  ##   ##  ##       ##
     ######    ##  ########  ######   ########  #########  ######  ######
     ##        ##  ##    ##  ##       ##     ## ##     ##       ## ##
     ##       #### ##     ## ######## ########  ##     ##  ######  ########

You're about to initialize a Firebase project in this directory:

  C:\Users\mythe\Desktop\동민\VScode 연동\HTMl

[info] 
=== Project Setup
[info] 
[info] First, let's associate this project directory with a Firebase project.
[info] You can create multiple project aliases by running firebase use --add, 
[info] but for now we'll just set up a default project.
[info] 
[debug] [2022-06-29T06:50:49.342Z] >>> [apiv2][query] GET https://firebase.googleapis.com/v1beta1/projects pageSize=100
[debug] [2022-06-29T06:50:49.984Z] <<< [apiv2][status] GET https://firebase.googleapis.com/v1beta1/projects 200
[debug] [2022-06-29T06:50:49.984Z] <<< [apiv2][body] GET https://firebase.googleapis.com/v1beta1/projects [omitted]
[info] i  Using project stac-test (STAC-TEST) 
[info] 
=== Database Setup
[info] i  database: ensuring required API firebasedatabase.googleapis.com is enabled... 
[debug] [2022-06-29T06:50:53.879Z] >>> [apiv2][query] GET https://serviceusage.googleapis.com/v1/projects/stac-test/services/firebasedatabase.googleapis.com [none]
[debug] [2022-06-29T06:50:54.889Z] <<< [apiv2][status] GET https://serviceusage.googleapis.com/v1/projects/stac-test/services/firebasedatabase.googleapis.com 200
[debug] [2022-06-29T06:50:54.889Z] <<< [apiv2][body] GET https://serviceusage.googleapis.com/v1/projects/stac-test/services/firebasedatabase.googleapis.com [omitted]
[info] +  database: required API firebasedatabase.googleapis.com is enabled 
[info] 
[debug] [2022-06-29T06:50:54.890Z] >>> [apiv2][query] GET https://firebasedatabase.googleapis.com/v1beta/projects/stac-test/locations/-/instances/stac-test-default-rtdb [none]
[debug] [2022-06-29T06:50:55.394Z] <<< [apiv2][status] GET https://firebasedatabase.googleapis.com/v1beta/projects/stac-test/locations/-/instances/stac-test-default-rtdb 200
[debug] [2022-06-29T06:50:55.394Z] <<< [apiv2][body] GET https://firebasedatabase.googleapis.com/v1beta/projects/stac-test/locations/-/instances/stac-test-default-rtdb {"name":"projects/697267300522/locations/us-central1/instances/stac-test-default-rtdb","project":"projects/697267300522","databaseUrl":"https://stac-test-default-rtdb.firebaseio.com","type":"DEFAULT_DATABASE","state":"ACTIVE"}
[info] 
[info] Firebase Realtime Database Security Rules allow you to define how your data should be
[info] structured and when your data can be read from and written to.
[info] 
[debug] [2022-06-29T06:51:38.114Z] >>> [apiv2][query] GET https://stac-test-default-rtdb.firebaseio.com/.settings/rules.json [none]
[debug] [2022-06-29T06:51:38.656Z] <<< [apiv2][status] GET https://stac-test-default-rtdb.firebaseio.com/.settings/rules.json 200
[debug] [2022-06-29T06:51:38.656Z] <<< [apiv2][body] GET https://stac-test-default-rtdb.firebaseio.com/.settings/rules.json [stream]
[info] +  Database Rules for stac-test-default-rtdb have been written to database.rules.json. 
[info] Future modifications to database.rules.json will update Realtime Database Security Rules when you run
[info] firebase deploy.
[info] 
=== Hosting Setup
[info] 
[info] Your public directory is the folder (relative to your project directory) that
[info] will contain Hosting assets to be uploaded with firebase deploy. If you
[info] have a build process for your assets, use your build's output directory.
[info] 
[info] +  Wrote public/404.html 
[debug] [2022-06-29T06:52:19.367Z] >>> [apiv2][query] GET https://www.gstatic.com/firebasejs/releases.json [none]
[debug] [2022-06-29T06:52:19.525Z] <<< [apiv2][status] GET https://www.gstatic.com/firebasejs/releases.json 200
[debug] [2022-06-29T06:52:19.525Z] <<< [apiv2][body] GET https://www.gstatic.com/firebasejs/releases.json {"current":{"version":"9.8.4","browserURL":"https://www.gstatic.com/firebasejs/9.8.4/firebase.js","packageURL":"https://www.gstatic.com/firebasejs/9.8.4/firebase.tgz"},"live":{"version":"9.8","browserURL":"https://www.gstatic.com/firebasejs/live/9.8/firebase.js","packageURL":"https://www.gstatic.com/firebasejs/live/9.8/firebase.tgz"},"components":{"analytics":"https://www.gstatic.com/firebasejs/9.8.4/firebase-analytics.js","app":"https://www.gstatic.com/firebasejs/9.8.4/firebase-app.js","app-check":"https://www.gstatic.com/firebasejs/9.8.4/firebase-app-check.js","auth":"https://www.gstatic.com/firebasejs/9.8.4/firebase-auth.js","auth/cordova":"https://www.gstatic.com/firebasejs/9.8.4/firebase-auth/cordova.js","auth/react-native":"https://www.gstatic.com/firebasejs/9.8.4/firebase-auth/react-native.js","functions":"https://www.gstatic.com/firebasejs/9.8.4/firebase-functions.js","firestore":"https://www.gstatic.com/firebasejs/9.8.4/firebase-firestore.js","firestore/lite":"https://www.gstatic.com/firebasejs/9.8.4/firebase-firestore/lite.js","storage":"https://www.gstatic.com/firebasejs/9.8.4/firebase-storage.js","performance":"https://www.gstatic.com/firebasejs/9.8.4/firebase-performance.js","remote-config":"https://www.gstatic.com/firebasejs/9.8.4/firebase-remote-config.js","messaging":"https://www.gstatic.com/firebasejs/9.8.4/firebase-messaging.js","messaging/sw":"https://www.gstatic.com/firebasejs/9.8.4/firebase-messaging/sw.js","database":"https://www.gstatic.com/firebasejs/9.8.4/firebase-database.js","firestore.memory":"https://www.gstatic.com/firebasejs/9.8.4/firebase-firestore.memory.js"}}
[info] +  Wrote public/index.html 
[info] 
[info] i  Detected a .git folder at C:\Users\mythe\Desktop\동민\VScode 연동\HTMl 
[info] i  Authorizing with GitHub to upload your service account to a GitHub repository's secrets store. 
[info] 
[info] Visit this URL on this device to log in:
[info] https://github.com/login/oauth/authorize?client_id=89cf50f02ac6aaed3484&state=575780849&redirect_uri=http%3A%2F%2Flocalhost%3A9005&scope=read%3Auser%20repo%20public_repo
[info] 
[info] Waiting for authentication...
[debug] [2022-06-29T06:52:48.297Z] >>> [apiv2][query] POST https://github.com/login/oauth/access_token [none]
[debug] [2022-06-29T06:52:48.297Z] >>> [apiv2][body] POST https://github.com/login/oauth/access_token [stream]
[debug] [2022-06-29T06:52:48.587Z] <<< [apiv2][status] POST https://github.com/login/oauth/access_token 200
[debug] [2022-06-29T06:52:48.587Z] <<< [apiv2][body] POST https://github.com/login/oauth/access_token {"access_token":"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","token_type":"bearer","scope":"read:user,repo"}
[debug] [2022-06-29T06:52:48.590Z] >>> [apiv2][query] GET https://api.github.com/user [none]
[debug] [2022-06-29T06:52:48.915Z] <<< [apiv2][status] GET https://api.github.com/user 200
[debug] [2022-06-29T06:52:48.915Z] <<< [apiv2][body] GET https://api.github.com/user {"login":"DongMin-0604","id":81551462,"node_id":"MDQ6VXNlcjgxNTUxNDYy","avatar_url":"https://avatars.githubusercontent.com/u/81551462?v=4","gravatar_id":"","url":"https://api.github.com/users/DongMin-0604","html_url":"https://github.com/DongMin-0604","followers_url":"https://api.github.com/users/DongMin-0604/followers","following_url":"https://api.github.com/users/DongMin-0604/following{/other_user}","gists_url":"https://api.github.com/users/DongMin-0604/gists{/gist_id}","starred_url":"https://api.github.com/users/DongMin-0604/starred{/owner}{/repo}","subscriptions_url":"https://api.github.com/users/DongMin-0604/subscriptions","organizations_url":"https://api.github.com/users/DongMin-0604/orgs","repos_url":"https://api.github.com/users/DongMin-0604/repos","events_url":"https://api.github.com/users/DongMin-0604/events{/privacy}","received_events_url":"https://api.github.com/users/DongMin-0604/received_events","type":"User","site_admin":false,"name":null,"company":null,"blog":"","location":null,"email":null,"hireable":null,"bio":"Student","twitter_username":null,"public_repos":13,"public_gists":0,"followers":16,"following":14,"created_at":"2021-03-29T06:25:03Z","updated_at":"2022-06-28T07:08:29Z","private_gists":0,"total_private_repos":4,"owned_private_repos":4,"disk_usage":62549,"collaborators":0,"two_factor_authentication":false,"plan":{"name":"free","space":976562499,"collaborators":0,"private_repos":10000}}
[info] 
[info] +  Success! Logged into GitHub as DongMin-0604 
[info] 
[debug] [2022-06-29T06:52:56.998Z] >>> [apiv2][query] GET https://api.github.com/repos//actions/secrets/public-key type=owner
[debug] [2022-06-29T06:52:57.226Z] <<< [apiv2][status] GET https://api.github.com/repos//actions/secrets/public-key 404
[debug] [2022-06-29T06:52:57.226Z] <<< [apiv2][body] GET https://api.github.com/repos//actions/secrets/public-key {"message":"Not Found","documentation_url":"https://docs.github.com/rest"}
[debug] [2022-06-29T06:52:58.255Z] >>> [apiv2][query] GET https://api.github.com/repos//actions/secrets/public-key type=owner
[debug] [2022-06-29T06:52:58.475Z] <<< [apiv2][status] GET https://api.github.com/repos//actions/secrets/public-key 404
[debug] [2022-06-29T06:52:58.475Z] <<< [apiv2][body] GET https://api.github.com/repos//actions/secrets/public-key {"message":"Not Found","documentation_url":"https://docs.github.com/rest"}
[debug] [2022-06-29T06:53:36.879Z] >>> [apiv2][query] GET https://api.github.com/repos/https://github.com/DongMin-0604/STAC_TEST.git/actions/secrets/public-key type=owner
[debug] [2022-06-29T06:53:37.110Z] <<< [apiv2][status] GET https://api.github.com/repos/https://github.com/DongMin-0604/STAC_TEST.git/actions/secrets/public-key 404
[debug] [2022-06-29T06:53:37.110Z] <<< [apiv2][body] GET https://api.github.com/repos/https://github.com/DongMin-0604/STAC_TEST.git/actions/secrets/public-key {"message":"Not Found","documentation_url":"https://docs.github.com/rest"}
[debug] [2022-06-29T06:53:38.363Z] >>> [apiv2][query] GET https://api.github.com/repos/https://github.com/DongMin-0604/STAC_TEST.git/actions/secrets/public-key type=owner
[debug] [2022-06-29T06:53:38.449Z] >>> [apiv2][query] GET https://api.github.com/repos//actions/secrets/public-key type=owner
[debug] [2022-06-29T06:53:38.533Z] >>> [apiv2][query] GET https://api.github.com/repos//actions/secrets/public-key type=owner
[debug] [2022-06-29T06:53:38.588Z] <<< [apiv2][status] GET https://api.github.com/repos/https://github.com/DongMin-0604/STAC_TEST.git/actions/secrets/public-key 404
[debug] [2022-06-29T06:53:38.589Z] <<< [apiv2][body] GET https://api.github.com/repos/https://github.com/DongMin-0604/STAC_TEST.git/actions/secrets/public-key {"message":"Not Found","documentation_url":"https://docs.github.com/rest"}
[debug] [2022-06-29T06:53:38.619Z] >>> [apiv2][query] GET https://api.github.com/repos/https://github.com/DongMin-0604/STAC_TEST.git/actions/secrets/public-key type=owner
[debug] [2022-06-29T06:53:38.677Z] <<< [apiv2][status] GET https://api.github.com/repos//actions/secrets/public-key 404
[debug] [2022-06-29T06:53:38.677Z] <<< [apiv2][body] GET https://api.github.com/repos//actions/secrets/public-key {"message":"Not Found","documentation_url":"https://docs.github.com/rest"}
[debug] [2022-06-29T06:53:38.703Z] >>> [apiv2][query] GET https://api.github.com/repos//actions/secrets/public-key type=owner
[debug] [2022-06-29T06:53:38.763Z] <<< [apiv2][status] GET https://api.github.com/repos//actions/secrets/public-key 404
[debug] [2022-06-29T06:53:38.763Z] <<< [apiv2][body] GET https://api.github.com/repos//actions/secrets/public-key {"message":"Not Found","documentation_url":"https://docs.github.com/rest"}
[debug] [2022-06-29T06:53:38.773Z] >>> [apiv2][query] GET https://api.github.com/repos//actions/secrets/public-key type=owner
[debug] [2022-06-29T06:53:38.847Z] <<< [apiv2][status] GET https://api.github.com/repos/https://github.com/DongMin-0604/STAC_TEST.git/actions/secrets/public-key 404
[debug] [2022-06-29T06:53:38.847Z] <<< [apiv2][body] GET https://api.github.com/repos/https://github.com/DongMin-0604/STAC_TEST.git/actions/secrets/public-key {"message":"Not Found","documentation_url":"https://docs.github.com/rest"}
[debug] [2022-06-29T06:53:38.849Z] >>> [apiv2][query] GET https://api.github.com/repos/https://github.com/DongMin-0604/STAC_TEST.git/actions/secrets/public-key type=owner
[debug] [2022-06-29T06:53:38.933Z] <<< [apiv2][status] GET https://api.github.com/repos//actions/secrets/public-key 404
[debug] [2022-06-29T06:53:38.933Z] <<< [apiv2][body] GET https://api.github.com/repos//actions/secrets/public-key {"message":"Not Found","documentation_url":"https://docs.github.com/rest"}
[debug] [2022-06-29T06:53:38.997Z] <<< [apiv2][status] GET https://api.github.com/repos//actions/secrets/public-key 404
[debug] [2022-06-29T06:53:38.997Z] <<< [apiv2][body] GET https://api.github.com/repos//actions/secrets/public-key {"message":"Not Found","documentation_url":"https://docs.github.com/rest"}
[debug] [2022-06-29T06:53:39.082Z] <<< [apiv2][status] GET https://api.github.com/repos/https://github.com/DongMin-0604/STAC_TEST.git/actions/secrets/public-key 404
[debug] [2022-06-29T06:53:39.082Z] <<< [apiv2][body] GET https://api.github.com/repos/https://github.com/DongMin-0604/STAC_TEST.git/actions/secrets/public-key {"message":"Not Found","documentation_url":"https://docs.github.com/rest"}
[debug] [2022-06-29T06:55:23.694Z] >>> [apiv2][query] GET https://api.github.com/repos//actions/secrets/public-key type=owner
[debug] [2022-06-29T06:55:23.948Z] <<< [apiv2][status] GET https://api.github.com/repos//actions/secrets/public-key 404
[debug] [2022-06-29T06:55:23.948Z] <<< [apiv2][body] GET https://api.github.com/repos//actions/secrets/public-key {"message":"Not Found","documentation_url":"https://docs.github.com/rest"}
[debug] [2022-06-29T06:55:31.007Z] >>> [apiv2][query] GET https://api.github.com/repos/git init/actions/secrets/public-key type=owner
[debug] [2022-06-29T06:55:31.008Z] >>> [apiv2][query] GET https://api.github.com/repos/git commit -m "first commit"/actions/secrets/public-key type=owner
[debug] [2022-06-29T06:55:31.024Z] >>> [apiv2][query] GET https://api.github.com/repos/git branch -M master/actions/secrets/public-key type=owner
[debug] [2022-06-29T06:55:31.025Z] >>> [apiv2][query] GET https://api.github.com/repos/git remote add origin <your git repo>/actions/secrets/public-key type=owner
[debug] [2022-06-29T06:55:31.257Z] <<< [apiv2][status] GET https://api.github.com/repos/git init/actions/secrets/public-key 404
[debug] [2022-06-29T06:55:31.257Z] <<< [apiv2][body] GET https://api.github.com/repos/git init/actions/secrets/public-key {"message":"Not Found","documentation_url":"https://docs.github.com/rest"}
[debug] [2022-06-29T06:55:31.264Z] <<< [apiv2][status] GET https://api.github.com/repos/git commit -m "first commit"/actions/secrets/public-key 404
[debug] [2022-06-29T06:55:31.264Z] <<< [apiv2][body] GET https://api.github.com/repos/git commit -m "first commit"/actions/secrets/public-key {"message":"Not Found","documentation_url":"https://docs.github.com/rest"}
[debug] [2022-06-29T06:55:31.266Z] <<< [apiv2][status] GET https://api.github.com/repos/git branch -M master/actions/secrets/public-key 404
[debug] [2022-06-29T06:55:31.266Z] <<< [apiv2][body] GET https://api.github.com/repos/git branch -M master/actions/secrets/public-key {"message":"Not Found","documentation_url":"https://docs.github.com/rest"}
[debug] [2022-06-29T06:55:31.267Z] <<< [apiv2][status] GET https://api.github.com/repos/git remote add origin <your git repo>/actions/secrets/public-key 404
[debug] [2022-06-29T06:55:31.267Z] <<< [apiv2][body] GET https://api.github.com/repos/git remote add origin <your git repo>/actions/secrets/public-key {"message":"Not Found","documentation_url":"https://docs.github.com/rest"}
[debug] [2022-06-29T06:55:43.245Z] >>> [apiv2][query] GET https://api.github.com/repos/git push -u origin mastergit initgit commit -m "first commit"git branch -M mastergit remote add origin <https://github.com/DongMin-0604/STAC_TEST.git>/actions/secrets/public-key type=owner
[debug] [2022-06-29T06:55:43.479Z] <<< [apiv2][status] GET https://api.github.com/repos/git push -u origin mastergit initgit commit -m "first commit"git branch -M mastergit remote add origin <https://github.com/DongMin-0604/STAC_TEST.git>/actions/secrets/public-key 404
[debug] [2022-06-29T06:55:43.479Z] <<< [apiv2][body] GET https://api.github.com/repos/git push -u origin mastergit initgit commit -m "first commit"git branch -M mastergit remote add origin <https://github.com/DongMin-0604/STAC_TEST.git>/actions/secrets/public-key {"message":"Not Found","documentation_url":"https://docs.github.com/rest"}
[debug] [2022-06-29T06:55:56.385Z] >>> [apiv2][query] GET https://api.github.com/repos/git init/actions/secrets/public-key type=owner
[debug] [2022-06-29T06:55:56.633Z] <<< [apiv2][status] GET https://api.github.com/repos/git init/actions/secrets/public-key 404
[debug] [2022-06-29T06:55:56.633Z] <<< [apiv2][body] GET https://api.github.com/repos/git init/actions/secrets/public-key {"message":"Not Found","documentation_url":"https://docs.github.com/rest"}
[debug] [2022-06-29T06:55:57.179Z] >>> [apiv2][query] GET https://api.github.com/repos/git init/actions/secrets/public-key type=owner
[debug] [2022-06-29T06:55:57.409Z] <<< [apiv2][status] GET https://api.github.com/repos/git init/actions/secrets/public-key 404
[debug] [2022-06-29T06:55:57.409Z] <<< [apiv2][body] GET https://api.github.com/repos/git init/actions/secrets/public-key {"message":"Not Found","documentation_url":"https://docs.github.com/rest"}
[debug] [2022-06-29T06:56:50.150Z] >>> [apiv2][query] GET https://api.github.com/repos//actions/secrets/public-key type=owner
[debug] [2022-06-29T06:56:50.379Z] <<< [apiv2][status] GET https://api.github.com/repos//actions/secrets/public-key 404
[debug] [2022-06-29T06:56:50.380Z] <<< [apiv2][body] GET https://api.github.com/repos//actions/secrets/public-key {"message":"Not Found","documentation_url":"https://docs.github.com/rest"}
[debug] [2022-06-29T06:56:50.442Z] >>> [apiv2][query] GET https://api.github.com/repos//actions/secrets/public-key type=owner
[debug] [2022-06-29T06:56:50.635Z] >>> [apiv2][query] GET https://api.github.com/repos//actions/secrets/public-key type=owner
[debug] [2022-06-29T06:56:50.670Z] <<< [apiv2][status] GET https://api.github.com/repos//actions/secrets/public-key 404
[debug] [2022-06-29T06:56:50.670Z] <<< [apiv2][body] GET https://api.github.com/repos//actions/secrets/public-key {"message":"Not Found","documentation_url":"https://docs.github.com/rest"}
[debug] [2022-06-29T06:56:50.837Z] >>> [apiv2][query] GET https://api.github.com/repos//actions/secrets/public-key type=owner
[debug] [2022-06-29T06:56:50.864Z] <<< [apiv2][status] GET https://api.github.com/repos//actions/secrets/public-key 404
[debug] [2022-06-29T06:56:50.864Z] <<< [apiv2][body] GET https://api.github.com/repos//actions/secrets/public-key {"message":"Not Found","documentation_url":"https://docs.github.com/rest"}
[debug] [2022-06-29T06:56:51.046Z] >>> [apiv2][query] GET https://api.github.com/repos//actions/secrets/public-key type=owner
[debug] [2022-06-29T06:56:51.068Z] <<< [apiv2][status] GET https://api.github.com/repos//actions/secrets/public-key 404
[debug] [2022-06-29T06:56:51.068Z] <<< [apiv2][body] GET https://api.github.com/repos//actions/secrets/public-key {"message":"Not Found","documentation_url":"https://docs.github.com/rest"}
[debug] [2022-06-29T06:56:51.275Z] <<< [apiv2][status] GET https://api.github.com/repos//actions/secrets/public-key 404
[debug] [2022-06-29T06:56:51.275Z] <<< [apiv2][body] GET https://api.github.com/repos//actions/secrets/public-key {"message":"Not Found","documentation_url":"https://docs.github.com/rest"}
